;  LST file generated by mikroListExporter - v.2.0 
; Date/Time: 6/1/2022 11:39:57 PM
;----------------------------------------------

;Address Opcode 	ASM
0x0000	0x2803      	GOTO       3
_main:
;two_7seg.c,5 :: 		void main() {
;two_7seg.c,6 :: 		char cnt1 = 0 , cnt2 = 0 ,i;
0x0003	0x1283      	BCF        STATUS, 5
0x0004	0x1303      	BCF        STATUS, 6
0x0005	0x01A2      	CLRF       main_cnt1_L0
0x0006	0x01A3      	CLRF       main_cnt2_L0
;two_7seg.c,7 :: 		trisb = 0; portb = 0;
0x0007	0x1683      	BSF        STATUS, 5
0x0008	0x0186      	CLRF       TRISB
0x0009	0x1283      	BCF        STATUS, 5
0x000A	0x0186      	CLRF       PORTB
;two_7seg.c,8 :: 		trisc = 1; start = 0;
0x000B	0x3001      	MOVLW      1
0x000C	0x1683      	BSF        STATUS, 5
0x000D	0x0087      	MOVWF      TRISC
0x000E	0x1283      	BCF        STATUS, 5
0x000F	0x1287      	BCF        PORTC, 5
;two_7seg.c,9 :: 		trisd = 0; ones = 0 ; tens = 0;
0x0010	0x1683      	BSF        STATUS, 5
0x0011	0x0188      	CLRF       TRISD
0x0012	0x1283      	BCF        STATUS, 5
0x0013	0x1008      	BCF        PORTD, 0
0x0014	0x1088      	BCF        PORTD, 1
;two_7seg.c,10 :: 		while(start == 0);
L_main0:
0x0015	0x1A87      	BTFSC      PORTC, 5
0x0016	0x2818      	GOTO       L_main1
0x0017	0x2815      	GOTO       L_main0
L_main1:
;two_7seg.c,11 :: 		for(;;)
L_main2:
;two_7seg.c,13 :: 		cnt1++;
0x0018	0x0AA2      	INCF       main_cnt1_L0, 1
;two_7seg.c,14 :: 		if(cnt1 == 10)
0x0019	0x0822      	MOVF       main_cnt1_L0, 0
0x001A	0x3A0A      	XORLW      10
0x001B	0x1D03      	BTFSS      STATUS, 2
0x001C	0x2824      	GOTO       L_main5
;two_7seg.c,16 :: 		cnt1 = 0;
0x001D	0x01A2      	CLRF       main_cnt1_L0
;two_7seg.c,17 :: 		cnt2++;
0x001E	0x0AA3      	INCF       main_cnt2_L0, 1
;two_7seg.c,18 :: 		if(cnt2 == 10) cnt2 = 0;
0x001F	0x0823      	MOVF       main_cnt2_L0, 0
0x0020	0x3A0A      	XORLW      10
0x0021	0x1D03      	BTFSS      STATUS, 2
0x0022	0x2824      	GOTO       L_main6
0x0023	0x01A3      	CLRF       main_cnt2_L0
L_main6:
;two_7seg.c,19 :: 		}
L_main5:
;two_7seg.c,20 :: 		for(i = 0 ; i < 50 ; i++)
0x0024	0x01F1      	CLRF       R1
L_main7:
0x0025	0x3032      	MOVLW      50
0x0026	0x0271      	SUBWF      R1, 0
0x0027	0x1803      	BTFSC      STATUS, 0
0x0028	0x2847      	GOTO       L_main8
;two_7seg.c,22 :: 		portb = cnt1;
0x0029	0x0822      	MOVF       main_cnt1_L0, 0
0x002A	0x0086      	MOVWF      PORTB
;two_7seg.c,23 :: 		ones = 1; delay_ms(10); ones = 0;
0x002B	0x1408      	BSF        PORTD, 0
0x002C	0x3034      	MOVLW      52
0x002D	0x00FC      	MOVWF      R12
0x002E	0x30F1      	MOVLW      241
0x002F	0x00FD      	MOVWF      R13
L_main10:
0x0030	0x0BFD      	DECFSZ     R13, 1
0x0031	0x2830      	GOTO       L_main10
0x0032	0x0BFC      	DECFSZ     R12, 1
0x0033	0x2830      	GOTO       L_main10
0x0034	0x0000      	NOP
0x0035	0x0000      	NOP
0x0036	0x1008      	BCF        PORTD, 0
;two_7seg.c,24 :: 		portb = cnt2;
0x0037	0x0823      	MOVF       main_cnt2_L0, 0
0x0038	0x0086      	MOVWF      PORTB
;two_7seg.c,25 :: 		tens = 1; delay_ms(10); tens = 0;
0x0039	0x1488      	BSF        PORTD, 1
0x003A	0x3034      	MOVLW      52
0x003B	0x00FC      	MOVWF      R12
0x003C	0x30F1      	MOVLW      241
0x003D	0x00FD      	MOVWF      R13
L_main11:
0x003E	0x0BFD      	DECFSZ     R13, 1
0x003F	0x283E      	GOTO       L_main11
0x0040	0x0BFC      	DECFSZ     R12, 1
0x0041	0x283E      	GOTO       L_main11
0x0042	0x0000      	NOP
0x0043	0x0000      	NOP
0x0044	0x1088      	BCF        PORTD, 1
;two_7seg.c,20 :: 		for(i = 0 ; i < 50 ; i++)
0x0045	0x0AF1      	INCF       R1, 1
;two_7seg.c,26 :: 		}
0x0046	0x2825      	GOTO       L_main7
L_main8:
;two_7seg.c,27 :: 		}
0x0047	0x2818      	GOTO       L_main2
;two_7seg.c,29 :: 		}
L_end_main:
0x0048	0x2848      	GOTO       $+0
; end of _main
Symbol List:
//** Routines locations **
//ADDRESS    SIZE    PROCEDURE
//----------------------------------------------
0x0003      [70]    _main
//** Variables locations ** 
//ADDRESS    SIZE    VARIABLE
//----------------------------------------------
0x0000       [1]    INDF
0x0003       [1]    STATUS
0x0004       [1]    FSR
0x0006       [1]    PORTB
0x0007       [1]    PORTC
0x0008       [1]    PORTD
0x000A       [1]    PCLATH
0x0020       [2]    ___DoICPAddr
0x0022       [1]    main_cnt1_L0
0x0023       [1]    main_cnt2_L0
0x0070       [1]    R0
0x0071       [1]    R1
0x0072       [1]    R2
0x0073       [1]    R3
0x0074       [1]    R4
0x0075       [1]    R5
0x0076       [1]    R6
0x0077       [1]    R7
0x0078       [1]    R8
0x0079       [1]    R9
0x007A       [1]    R10
0x007B       [1]    R11
0x007C       [1]    R12
0x007D       [1]    R13
0x007E       [1]    R14
0x007F       [1]    R15
0x0086       [1]    TRISB
0x0087       [1]    TRISC
0x0088       [1]    TRISD
