;  LST file generated by mikroListExporter - v.2.0 
; Date/Time: 3/27/2022 5:00:50 PM
;----------------------------------------------

;Address Opcode 	ASM
0x0000	0x2803      	GOTO       3
_main:
;lab2.c,1 :: 		void main() {
;lab2.c,2 :: 		int cnt = 0 ;
0x0003	0x1283      	BCF        STATUS, 5
0x0004	0x1303      	BCF        STATUS, 6
0x0005	0x01A2      	CLRF       main_cnt_L0
0x0006	0x01A3      	CLRF       main_cnt_L0+1
;lab2.c,3 :: 		trisd = 0x00, portd = 0x00;
0x0007	0x1683      	BSF        STATUS, 5
0x0008	0x0188      	CLRF       TRISD
0x0009	0x1283      	BCF        STATUS, 5
0x000A	0x0188      	CLRF       PORTD
;lab2.c,4 :: 		trisb = 0x01, portb = 0x00;
0x000B	0x3001      	MOVLW      1
0x000C	0x1683      	BSF        STATUS, 5
0x000D	0x0086      	MOVWF      TRISB
0x000E	0x1283      	BCF        STATUS, 5
0x000F	0x0186      	CLRF       PORTB
;lab2.c,5 :: 		for(;;)
L_main0:
;lab2.c,7 :: 		if(portb.f0 == 1)
0x0010	0x1C06      	BTFSS      PORTB, 0
0x0011	0x2824      	GOTO       L_main3
;lab2.c,9 :: 		cnt++;
0x0012	0x0AA2      	INCF       main_cnt_L0, 1
0x0013	0x1903      	BTFSC      STATUS, 2
0x0014	0x0AA3      	INCF       main_cnt_L0+1, 1
;lab2.c,10 :: 		while(portb.f0 == 1);
L_main4:
0x0015	0x1C06      	BTFSS      PORTB, 0
0x0016	0x2818      	GOTO       L_main5
0x0017	0x2815      	GOTO       L_main4
L_main5:
;lab2.c,11 :: 		if(cnt == 7)
0x0018	0x3000      	MOVLW      0
0x0019	0x0623      	XORWF      main_cnt_L0+1, 0
0x001A	0x1D03      	BTFSS      STATUS, 2
0x001B	0x281E      	GOTO       L__main14
0x001C	0x3007      	MOVLW      7
0x001D	0x0622      	XORWF      main_cnt_L0, 0
L__main14:
0x001E	0x1D03      	BTFSS      STATUS, 2
0x001F	0x2824      	GOTO       L_main6
;lab2.c,12 :: 		cnt = 1;
0x0020	0x3001      	MOVLW      1
0x0021	0x00A2      	MOVWF      main_cnt_L0
0x0022	0x3000      	MOVLW      0
0x0023	0x00A3      	MOVWF      main_cnt_L0+1
L_main6:
;lab2.c,13 :: 		}
L_main3:
;lab2.c,14 :: 		if(cnt == 1)
0x0024	0x3000      	MOVLW      0
0x0025	0x0623      	XORWF      main_cnt_L0+1, 0
0x0026	0x1D03      	BTFSS      STATUS, 2
0x0027	0x282A      	GOTO       L__main15
0x0028	0x3001      	MOVLW      1
0x0029	0x0622      	XORWF      main_cnt_L0, 0
L__main15:
0x002A	0x1D03      	BTFSS      STATUS, 2
0x002B	0x282E      	GOTO       L_main7
;lab2.c,15 :: 		portd = 0b00000100;
0x002C	0x3004      	MOVLW      4
0x002D	0x0088      	MOVWF      PORTD
L_main7:
;lab2.c,19 :: 		if(cnt == 2)
0x002E	0x3000      	MOVLW      0
0x002F	0x0623      	XORWF      main_cnt_L0+1, 0
0x0030	0x1D03      	BTFSS      STATUS, 2
0x0031	0x2834      	GOTO       L__main16
0x0032	0x3002      	MOVLW      2
0x0033	0x0622      	XORWF      main_cnt_L0, 0
L__main16:
0x0034	0x1D03      	BTFSS      STATUS, 2
0x0035	0x2838      	GOTO       L_main8
;lab2.c,20 :: 		portd = 0b00011000;
0x0036	0x3018      	MOVLW      24
0x0037	0x0088      	MOVWF      PORTD
L_main8:
;lab2.c,23 :: 		if(cnt == 3)
0x0038	0x3000      	MOVLW      0
0x0039	0x0623      	XORWF      main_cnt_L0+1, 0
0x003A	0x1D03      	BTFSS      STATUS, 2
0x003B	0x283E      	GOTO       L__main17
0x003C	0x3003      	MOVLW      3
0x003D	0x0622      	XORWF      main_cnt_L0, 0
L__main17:
0x003E	0x1D03      	BTFSS      STATUS, 2
0x003F	0x2842      	GOTO       L_main9
;lab2.c,24 :: 		portd = 0b00011100;
0x0040	0x301C      	MOVLW      28
0x0041	0x0088      	MOVWF      PORTD
L_main9:
;lab2.c,27 :: 		if(cnt == 4)
0x0042	0x3000      	MOVLW      0
0x0043	0x0623      	XORWF      main_cnt_L0+1, 0
0x0044	0x1D03      	BTFSS      STATUS, 2
0x0045	0x2848      	GOTO       L__main18
0x0046	0x3004      	MOVLW      4
0x0047	0x0622      	XORWF      main_cnt_L0, 0
L__main18:
0x0048	0x1D03      	BTFSS      STATUS, 2
0x0049	0x284C      	GOTO       L_main10
;lab2.c,28 :: 		portd = 0b01100011;
0x004A	0x3063      	MOVLW      99
0x004B	0x0088      	MOVWF      PORTD
L_main10:
;lab2.c,31 :: 		if(cnt == 5)
0x004C	0x3000      	MOVLW      0
0x004D	0x0623      	XORWF      main_cnt_L0+1, 0
0x004E	0x1D03      	BTFSS      STATUS, 2
0x004F	0x2852      	GOTO       L__main19
0x0050	0x3005      	MOVLW      5
0x0051	0x0622      	XORWF      main_cnt_L0, 0
L__main19:
0x0052	0x1D03      	BTFSS      STATUS, 2
0x0053	0x2856      	GOTO       L_main11
;lab2.c,32 :: 		portd = 0b01100111;
0x0054	0x3067      	MOVLW      103
0x0055	0x0088      	MOVWF      PORTD
L_main11:
;lab2.c,35 :: 		if(cnt == 6)
0x0056	0x3000      	MOVLW      0
0x0057	0x0623      	XORWF      main_cnt_L0+1, 0
0x0058	0x1D03      	BTFSS      STATUS, 2
0x0059	0x285C      	GOTO       L__main20
0x005A	0x3006      	MOVLW      6
0x005B	0x0622      	XORWF      main_cnt_L0, 0
L__main20:
0x005C	0x1D03      	BTFSS      STATUS, 2
0x005D	0x2860      	GOTO       L_main12
;lab2.c,36 :: 		portd = 0b01111011;
0x005E	0x307B      	MOVLW      123
0x005F	0x0088      	MOVWF      PORTD
L_main12:
;lab2.c,46 :: 		}
0x0060	0x2810      	GOTO       L_main0
;lab2.c,47 :: 		}
L_end_main:
0x0061	0x2861      	GOTO       $+0
; end of _main
Symbol List:
//** Routines locations **
//ADDRESS    SIZE    PROCEDURE
//----------------------------------------------
0x0003      [95]    _main
//** Variables locations ** 
//ADDRESS    SIZE    VARIABLE
//----------------------------------------------
0x0000       [1]    INDF
0x0003       [1]    STATUS
0x0004       [1]    FSR
0x0006       [1]    PORTB
0x0008       [1]    PORTD
0x000A       [1]    PCLATH
0x0020       [2]    ___DoICPAddr
0x0022       [2]    main_cnt_L0
0x0070       [1]    R0
0x0071       [1]    R1
0x0072       [1]    R2
0x0073       [1]    R3
0x0074       [1]    R4
0x0075       [1]    R5
0x0076       [1]    R6
0x0077       [1]    R7
0x0078       [1]    R8
0x0079       [1]    R9
0x007A       [1]    R10
0x007B       [1]    R11
0x007C       [1]    R12
0x007D       [1]    R13
0x007E       [1]    R14
0x007F       [1]    R15
0x0086       [1]    TRISB
0x0088       [1]    TRISD
